Created by PLY version 3.11 (http://www.dabeaz.com/ply)

Unused terminals:

    ABSTRACT
    AND
    ARROW
    AS
    ASSIGN
    BASE
    BIN_NUMBER
    BITAND
    BITNOT
    BITOR
    BITXOR
    BOOL
    BREAK
    BYTE
    CASE
    CATCH
    CHAR
    CHAR_LITERAL
    CHECKED
    CLASS
    COLON
    COMMA
    CONST
    CONTINUE
    DATE_LITERAL
    DECIMAL
    DECREMENT
    DEFAULT
    DELEGATE
    DIVIDE
    DIVIDE_ASSIGN
    DO
    DOT
    DOUBLE
    ELSE
    ENUM
    EQUALS
    EVENT
    EXPLICIT
    EXTERN
    FALSE
    FALSE_LITERAL
    FINALLY
    FIXED
    FLOAT
    FLOAT_LITERAL
    FOR
    FOREACH
    GE
    GOTO
    GT
    HEX_NUMBER
    ID
    IF
    IMPLICIT
    IN
    INCREMENT
    INT
    INTERFACE
    INTERNAL
    IS
    LBRACE
    LBRACKET
    LE
    LOCK
    LONG
    LPAREN
    LSHIFT
    LT
    MINUS
    MINUS_ASSIGN
    MOD
    MOD_ASSIGN
    NAMESPACE
    NEW
    NOT
    NOTEQUAL
    NULL
    NUMBER
    OBJECT
    OPERATOR
    OR
    OUT
    OVERRIDE
    PARAMS
    PLUS
    PLUS_ASSIGN
    PRIVATE
    PROTECTED
    PUBLIC
    QUESTION
    RBRACE
    RBRACKET
    READONLY
    REF
    RETURN
    RPAREN
    RSHIFT
    SBYTE
    SEALED
    SEMICOLON
    SHORT
    SIZEOF
    STACKALLOC
    STATIC
    STRING
    STRING_LITERAL
    STRUCT
    SWITCH
    THIS
    THROW
    TIMES
    TIMES_ASSIGN
    TRUE
    TRUE_LITERAL
    TRY
    TYPEOF
    UINT
    ULONG
    UNCHECKED
    UNSAFE
    USHORT
    USING
    VIRTUAL
    VOID
    VOLATILE
    WHILE
    XML_COMMENT

Grammar

Rule 0     S' -> body
Rule 1     body -> programa
Rule 2     body -> programa body
Rule 3     code -> expression
Rule 4     code -> <empty>

Terminals, with rules where they appear

ABSTRACT             : 
AND                  : 
ARROW                : 
AS                   : 
ASSIGN               : 
BASE                 : 
BIN_NUMBER           : 
BITAND               : 
BITNOT               : 
BITOR                : 
BITXOR               : 
BOOL                 : 
BREAK                : 
BYTE                 : 
CASE                 : 
CATCH                : 
CHAR                 : 
CHAR_LITERAL         : 
CHECKED              : 
CLASS                : 
COLON                : 
COMMA                : 
CONST                : 
CONTINUE             : 
DATE_LITERAL         : 
DECIMAL              : 
DECREMENT            : 
DEFAULT              : 
DELEGATE             : 
DIVIDE               : 
DIVIDE_ASSIGN        : 
DO                   : 
DOT                  : 
DOUBLE               : 
ELSE                 : 
ENUM                 : 
EQUALS               : 
EVENT                : 
EXPLICIT             : 
EXTERN               : 
FALSE                : 
FALSE_LITERAL        : 
FINALLY              : 
FIXED                : 
FLOAT                : 
FLOAT_LITERAL        : 
FOR                  : 
FOREACH              : 
GE                   : 
GOTO                 : 
GT                   : 
HEX_NUMBER           : 
ID                   : 
IF                   : 
IMPLICIT             : 
IN                   : 
INCREMENT            : 
INT                  : 
INTERFACE            : 
INTERNAL             : 
IS                   : 
LBRACE               : 
LBRACKET             : 
LE                   : 
LOCK                 : 
LONG                 : 
LPAREN               : 
LSHIFT               : 
LT                   : 
MINUS                : 
MINUS_ASSIGN         : 
MOD                  : 
MOD_ASSIGN           : 
NAMESPACE            : 
NEW                  : 
NOT                  : 
NOTEQUAL             : 
NULL                 : 
NUMBER               : 
OBJECT               : 
OPERATOR             : 
OR                   : 
OUT                  : 
OVERRIDE             : 
PARAMS               : 
PLUS                 : 
PLUS_ASSIGN          : 
PRIVATE              : 
PROTECTED            : 
PUBLIC               : 
QUESTION             : 
RBRACE               : 
RBRACKET             : 
READONLY             : 
REF                  : 
RETURN               : 
RPAREN               : 
RSHIFT               : 
SBYTE                : 
SEALED               : 
SEMICOLON            : 
SHORT                : 
SIZEOF               : 
STACKALLOC           : 
STATIC               : 
STRING               : 
STRING_LITERAL       : 
STRUCT               : 
SWITCH               : 
THIS                 : 
THROW                : 
TIMES                : 
TIMES_ASSIGN         : 
TRUE                 : 
TRUE_LITERAL         : 
TRY                  : 
TYPEOF               : 
UINT                 : 
ULONG                : 
UNCHECKED            : 
UNSAFE               : 
USHORT               : 
USING                : 
VIRTUAL              : 
VOID                 : 
VOLATILE             : 
WHILE                : 
XML_COMMENT          : 
error                : 

Nonterminals, with rules where they appear

body                 : 2 0
code                 : 
expression           : 3
programa             : 1 2

